#
# There is insufficient memory for the Java Runtime Environment to continue.
# Native memory allocation (mmap) failed to map 4194304 bytes for G1 virtual space
# Possible reasons:
#   The system is out of physical RAM or swap space
#   The process is running with CompressedOops enabled, and the Java Heap may be blocking the growth of the native heap
# Possible solutions:
#   Reduce memory load on the system
#   Increase physical memory or swap space
#   Check if swap backing store is full
#   Decrease Java heap size (-Xmx/-Xms)
#   Decrease number of Java threads
#   Decrease Java thread stack sizes (-Xss)
#   Set larger code cache with -XX:ReservedCodeCacheSize=
#   JVM is running with Zero Based Compressed Oops mode in which the Java heap is
#     placed in the first 32GB address space. The Java Heap base address is the
#     maximum limit for the native heap growth. Please use -XX:HeapBaseMinAddress
#     to set the Java Heap base and to place the Java Heap above 32GB virtual address.
# This output file may be truncated or incomplete.
#
#  Out of Memory Error (os_windows.cpp:3530), pid=38188, tid=42552
#
# JRE version: OpenJDK Runtime Environment Temurin-18.0.2.1+1 (18.0.2.1+1) (build 18.0.2.1+1)
# Java VM: OpenJDK 64-Bit Server VM Temurin-18.0.2.1+1 (18.0.2.1+1, mixed mode, tiered, compressed oops, compressed class ptrs, g1 gc, windows-amd64)
# No core dump will be written. Minidumps are not enabled by default on client versions of Windows
#

---------------  S U M M A R Y ------------

Command Line: -Dfile.encoding=UTF-8 -XX:+ShowCodeDetailsInExceptionMessages dev.gkvn.cpu.demo.EmulatedDisplay

Host: AMD Ryzen 5 7600X 6-Core Processor             , 12 cores, 31G,  Windows 11 , 64 bit Build 22621 (10.0.22621.3958)
Time: Sat Nov 29 23:30:34 2025 SE Asia Standard Time elapsed time: 0.132570 seconds (0d 0h 0m 0s)

---------------  T H R E A D  ---------------

Current thread (0x0000026ddc8182f0):  JavaThread "main" [_thread_in_vm, id=42552, stack(0x0000009f39d00000,0x0000009f39e00000)]

Stack: [0x0000009f39d00000,0x0000009f39e00000]
Native frames: (J=compiled Java code, j=interpreted, Vv=VM code, C=native code)
V  [jvm.dll+0x69d85a]
V  [jvm.dll+0x84c43d]
V  [jvm.dll+0x84dd4e]
V  [jvm.dll+0x84e403]
V  [jvm.dll+0x25f65f]
V  [jvm.dll+0x69a6c9]
V  [jvm.dll+0x68f1fa]
V  [jvm.dll+0x32546b]
V  [jvm.dll+0x32ce76]
V  [jvm.dll+0x3815bb]
V  [jvm.dll+0x381be4]
V  [jvm.dll+0x381796]
V  [jvm.dll+0x2fd714]
V  [jvm.dll+0x2fb6e6]
V  [jvm.dll+0x6310d3]
V  [jvm.dll+0x22a312]
V  [jvm.dll+0x813b17]
V  [jvm.dll+0x3a650a]
C  0x0000026ddfefb92d

Java frames: (J=compiled Java code, j=interpreted, Vv=VM code)
j  dev.gkvn.cpu.ByteMemory.<init>(J)V+104
j  dev.gkvn.cpu.fl32r.FL32REmulator.<init>(J)V+126
j  dev.gkvn.cpu.demo.EmulatedDisplay.main([Ljava/lang/String;)V+10
v  ~StubRoutines::call_stub

---------------  P R O C E S S  ---------------

Threads class SMR info:
_java_thread_list=0x0000026d8c1e1fc0, length=12, elements={
0x0000026ddc8182f0, 0x0000026d8c02c010, 0x0000026d8c02e070, 0x0000026dfa15e020,
0x0000026dfa15e8d0, 0x0000026d8c063bb0, 0x0000026d8c084680, 0x0000026d8c086290,
0x0000026d8c08b0b0, 0x0000026d8c094260, 0x0000026d8c1132f0, 0x0000026d8c218010
}

Java Threads: ( => current thread )
=>0x0000026ddc8182f0 JavaThread "main" [_thread_in_vm, id=42552, stack(0x0000009f39d00000,0x0000009f39e00000)]
  0x0000026d8c02c010 JavaThread "Reference Handler" daemon [_thread_blocked, id=26920, stack(0x0000009f3a400000,0x0000009f3a500000)]
  0x0000026d8c02e070 JavaThread "Finalizer" daemon [_thread_blocked, id=6788, stack(0x0000009f3a500000,0x0000009f3a600000)]
  0x0000026dfa15e020 JavaThread "Signal Dispatcher" daemon [_thread_blocked, id=40544, stack(0x0000009f3a600000,0x0000009f3a700000)]
  0x0000026dfa15e8d0 JavaThread "Attach Listener" daemon [_thread_blocked, id=1632, stack(0x0000009f3a700000,0x0000009f3a800000)]
  0x0000026d8c063bb0 JavaThread "Service Thread" daemon [_thread_blocked, id=12140, stack(0x0000009f3a800000,0x0000009f3a900000)]
  0x0000026d8c084680 JavaThread "Monitor Deflation Thread" daemon [_thread_blocked, id=9888, stack(0x0000009f3a900000,0x0000009f3aa00000)]
  0x0000026d8c086290 JavaThread "C2 CompilerThread0" daemon [_thread_blocked, id=32316, stack(0x0000009f3aa00000,0x0000009f3ab00000)]
  0x0000026d8c08b0b0 JavaThread "C1 CompilerThread0" daemon [_thread_blocked, id=38364, stack(0x0000009f3ab00000,0x0000009f3ac00000)]
  0x0000026d8c094260 JavaThread "Sweeper thread" daemon [_thread_blocked, id=47868, stack(0x0000009f3ac00000,0x0000009f3ad00000)]
  0x0000026d8c1132f0 JavaThread "Notification Thread" daemon [_thread_blocked, id=38788, stack(0x0000009f3ad00000,0x0000009f3ae00000)]
  0x0000026d8c218010 JavaThread "Common-Cleaner" daemon [_thread_blocked, id=39492, stack(0x0000009f3af00000,0x0000009f3b000000)]

Other Threads:
  0x0000026df9f76f20 VMThread "VM Thread" [stack: 0x0000009f3a300000,0x0000009f3a400000] [id=51884]
  0x0000026d8c113bc0 WatcherThread "VM Periodic Task Thread" [stack: 0x0000009f3ae00000,0x0000009f3af00000] [id=55856]
  0x0000026ddc8c6a80 WorkerThread "GC Thread#0" [stack: 0x0000009f39e00000,0x0000009f39f00000] [id=39692]
  0x0000026d8c3fa5a0 WorkerThread "GC Thread#1" [stack: 0x0000009f3b000000,0x0000009f3b100000] [id=50660]
  0x0000026d8c3fa840 WorkerThread "GC Thread#2" [stack: 0x0000009f3b100000,0x0000009f3b200000] [id=39264]
  0x0000026d8c3c1040 WorkerThread "GC Thread#3" [stack: 0x0000009f3b200000,0x0000009f3b300000] [id=49428]
  0x0000026d8c3c12e0 WorkerThread "GC Thread#4" [stack: 0x0000009f3b300000,0x0000009f3b400000] [id=31872]
  0x0000026d8c3c1580 WorkerThread "GC Thread#5" [stack: 0x0000009f3b400000,0x0000009f3b500000] [id=46488]
  0x0000026d8c3fe5e0 WorkerThread "GC Thread#6" [stack: 0x0000009f3b500000,0x0000009f3b600000] [id=37520]
  0x0000026d8c3fec90 WorkerThread "GC Thread#7" [stack: 0x0000009f3b600000,0x0000009f3b700000] [id=6520]
  0x0000026d8c513ab0 WorkerThread "GC Thread#8" [stack: 0x0000009f3b700000,0x0000009f3b800000] [id=26188]
  0x0000026d8c518d70 WorkerThread "GC Thread#9" [stack: 0x0000009f3b800000,0x0000009f3b900000] [id=28096]
  0x0000026df9f6bda0 ConcurrentGCThread "G1 Main Marker" [stack: 0x0000009f39f00000,0x0000009f3a000000] [id=49248]
  0x0000026df9f6c5a0 WorkerThread "G1 Conc#0" [stack: 0x0000009f3a000000,0x0000009f3a100000] [id=15972]
  0x0000026df9fc3ff0 ConcurrentGCThread "G1 Refine#0" [stack: 0x0000009f3a100000,0x0000009f3a200000] [id=39708]
  0x0000026df9fc4900 ConcurrentGCThread "G1 Service" [stack: 0x0000009f3a200000,0x0000009f3a300000] [id=44380]

Threads with active compile tasks:

VM state: not at safepoint (normal execution)

VM Mutex/Monitor currently owned by a thread:  ([mutex/lock_event])
[0x0000026ddc813100] Heap_lock - owner thread: 0x0000026ddc8182f0

Heap address: 0x000000060e000000, size: 7968 MB, Compressed Oops mode: Zero based, Oop shift amount: 3

CDS archive(s) not mapped
Compressed class space mapped at: 0x0000000800000000-0x0000000840000000, reserved size: 1073741824
Narrow klass base: 0x0000000800000000, Narrow klass shift: 0, Narrow klass range: 0x40000000

GC Precious Log:
 CardTable entry size: 512
 Card Set container configuration: InlinePtr #cards 4 size 8 Array Of Cards #cards 32 size 80 Howl #buckets 8 coarsen threshold 7372 Howl Bitmap #cards 1024 size 144 coarsen threshold 921 Card regions per heap region 1 cards per card region 8192
 CPUs: 12 total, 12 available
 Memory: 31861M
 Large Page Support: Disabled
 NUMA Support: Disabled
 Compressed Oops: Enabled (Zero based)
 Heap Region Size: 4M
 Heap Min Capacity: 8M
 Heap Initial Capacity: 500M
 Heap Max Capacity: 7968M
 Pre-touch: Disabled
 Parallel Workers: 10
 Concurrent Workers: 3
 Concurrent Refinement Workers: 10
 Periodic GC: Disabled

Heap:
 garbage-first heap   total 667648K, used 1619K [0x000000060e000000, 0x0000000800000000)
  region size 4096K, 1 young (4096K), 1 survivors (4096K)
 Metaspace       used 7356K, committed 7488K, reserved 1114112K
  class space    used 603K, committed 704K, reserved 1048576K

Heap Regions: E=young(eden), S=young(survivor), O=old, HS=humongous(starts), HC=humongous(continues), CS=collection set, F=free, OA=open archive, CA=closed archive, TAMS=top-at-mark-start (previous, next)
|   0|0x000000060e000000, 0x000000060e000000, 0x000000060e400000|  0%| F|  |TAMS 0x000000060e000000, 0x000000060e000000| Untracked 
|   1|0x000000060e400000, 0x000000060e400000, 0x000000060e800000|  0%| F|  |TAMS 0x000000060e400000, 0x000000060e400000| Untracked 
|   2|0x000000060e800000, 0x000000060e800000, 0x000000060ec00000|  0%| F|  |TAMS 0x000000060e800000, 0x000000060e800000| Untracked 
|   3|0x000000060ec00000, 0x000000060ec00000, 0x000000060f000000|  0%| F|  |TAMS 0x000000060ec00000, 0x000000060ec00000| Untracked 
|   4|0x000000060f000000, 0x000000060f000000, 0x000000060f400000|  0%| F|  |TAMS 0x000000060f000000, 0x000000060f000000| Untracked 
|   5|0x000000060f400000, 0x000000060f400000, 0x000000060f800000|  0%| F|  |TAMS 0x000000060f400000, 0x000000060f400000| Untracked 
|   6|0x000000060f800000, 0x000000060f800000, 0x000000060fc00000|  0%| F|  |TAMS 0x000000060f800000, 0x000000060f800000| Untracked 
|   7|0x000000060fc00000, 0x000000060fc00000, 0x0000000610000000|  0%| F|  |TAMS 0x000000060fc00000, 0x000000060fc00000| Untracked 
|   8|0x0000000610000000, 0x0000000610000000, 0x0000000610400000|  0%| F|  |TAMS 0x0000000610000000, 0x0000000610000000| Untracked 
|   9|0x0000000610400000, 0x0000000610400000, 0x0000000610800000|  0%| F|  |TAMS 0x0000000610400000, 0x0000000610400000| Untracked 
|  10|0x0000000610800000, 0x0000000610800000, 0x0000000610c00000|  0%| F|  |TAMS 0x0000000610800000, 0x0000000610800000| Untracked 
|  11|0x0000000610c00000, 0x0000000610c00000, 0x0000000611000000|  0%| F|  |TAMS 0x0000000610c00000, 0x0000000610c00000| Untracked 
|  12|0x0000000611000000, 0x0000000611000000, 0x0000000611400000|  0%| F|  |TAMS 0x0000000611000000, 0x0000000611000000| Untracked 
|  13|0x0000000611400000, 0x0000000611400000, 0x0000000611800000|  0%| F|  |TAMS 0x0000000611400000, 0x0000000611400000| Untracked 
|  14|0x0000000611800000, 0x0000000611800000, 0x0000000611c00000|  0%| F|  |TAMS 0x0000000611800000, 0x0000000611800000| Untracked 
|  15|0x0000000611c00000, 0x0000000611c00000, 0x0000000612000000|  0%| F|  |TAMS 0x0000000611c00000, 0x0000000611c00000| Untracked 
|  16|0x0000000612000000, 0x0000000612000000, 0x0000000612400000|  0%| F|  |TAMS 0x0000000612000000, 0x0000000612000000| Untracked 
|  17|0x0000000612400000, 0x0000000612400000, 0x0000000612800000|  0%| F|  |TAMS 0x0000000612400000, 0x0000000612400000| Untracked 
|  18|0x0000000612800000, 0x0000000612800000, 0x0000000612c00000|  0%| F|  |TAMS 0x0000000612800000, 0x0000000612800000| Untracked 
|  19|0x0000000612c00000, 0x0000000612c00000, 0x0000000613000000|  0%| F|  |TAMS 0x0000000612c00000, 0x0000000612c00000| Untracked 
|  20|0x0000000613000000, 0x0000000613000000, 0x0000000613400000|  0%| F|  |TAMS 0x0000000613000000, 0x0000000613000000| Untracked 
|  21|0x0000000613400000, 0x0000000613400000, 0x0000000613800000|  0%| F|  |TAMS 0x0000000613400000, 0x0000000613400000| Untracked 
|  22|0x0000000613800000, 0x0000000613800000, 0x0000000613c00000|  0%| F|  |TAMS 0x0000000613800000, 0x0000000613800000| Untracked 
|  23|0x0000000613c00000, 0x0000000613c00000, 0x0000000614000000|  0%| F|  |TAMS 0x0000000613c00000, 0x0000000613c00000| Untracked 
|  24|0x0000000614000000, 0x0000000614000000, 0x0000000614400000|  0%| F|  |TAMS 0x0000000614000000, 0x0000000614000000| Untracked 
|  25|0x0000000614400000, 0x0000000614400000, 0x0000000614800000|  0%| F|  |TAMS 0x0000000614400000, 0x0000000614400000| Untracked 
|  26|0x0000000614800000, 0x0000000614800000, 0x0000000614c00000|  0%| F|  |TAMS 0x0000000614800000, 0x0000000614800000| Untracked 
|  27|0x0000000614c00000, 0x0000000614c00000, 0x0000000615000000|  0%| F|  |TAMS 0x0000000614c00000, 0x0000000614c00000| Untracked 
|  28|0x0000000615000000, 0x0000000615000000, 0x0000000615400000|  0%| F|  |TAMS 0x0000000615000000, 0x0000000615000000| Untracked 
|  29|0x0000000615400000, 0x0000000615400000, 0x0000000615800000|  0%| F|  |TAMS 0x0000000615400000, 0x0000000615400000| Untracked 
|  30|0x0000000615800000, 0x0000000615800000, 0x0000000615c00000|  0%| F|  |TAMS 0x0000000615800000, 0x0000000615800000| Untracked 
|  31|0x0000000615c00000, 0x0000000615c00000, 0x0000000616000000|  0%| F|  |TAMS 0x0000000615c00000, 0x0000000615c00000| Untracked 
|  32|0x0000000616000000, 0x0000000616000000, 0x0000000616400000|  0%| F|  |TAMS 0x0000000616000000, 0x0000000616000000| Untracked 
|  33|0x0000000616400000, 0x0000000616400000, 0x0000000616800000|  0%| F|  |TAMS 0x0000000616400000, 0x0000000616400000| Untracked 
|  34|0x0000000616800000, 0x0000000616800000, 0x0000000616c00000|  0%| F|  |TAMS 0x0000000616800000, 0x0000000616800000| Untracked 
|  35|0x0000000616c00000, 0x0000000616c00000, 0x0000000617000000|  0%| F|  |TAMS 0x0000000616c00000, 0x0000000616c00000| Untracked 
|  36|0x0000000617000000, 0x0000000617000000, 0x0000000617400000|  0%| F|  |TAMS 0x0000000617000000, 0x0000000617000000| Untracked 
|  37|0x0000000617400000, 0x0000000617400000, 0x0000000617800000|  0%| F|  |TAMS 0x0000000617400000, 0x0000000617400000| Untracked 
|  38|0x0000000617800000, 0x0000000617800000, 0x0000000617c00000|  0%| F|  |TAMS 0x0000000617800000, 0x0000000617800000| Untracked 
|  39|0x0000000617c00000, 0x0000000617c00000, 0x0000000618000000|  0%| F|  |TAMS 0x0000000617c00000, 0x0000000617c00000| Untracked 
|  40|0x0000000618000000, 0x0000000618000000, 0x0000000618400000|  0%| F|  |TAMS 0x0000000618000000, 0x0000000618000000| Untracked 
|  41|0x0000000618400000, 0x0000000618400000, 0x0000000618800000|  0%| F|  |TAMS 0x0000000618400000, 0x0000000618400000| Untracked 
|  42|0x0000000618800000, 0x0000000618800000, 0x0000000618c00000|  0%| F|  |TAMS 0x0000000618800000, 0x0000000618800000| Untracked 
|  43|0x0000000618c00000, 0x0000000618c00000, 0x0000000619000000|  0%| F|  |TAMS 0x0000000618c00000, 0x0000000618c00000| Untracked 
|  44|0x0000000619000000, 0x0000000619000000, 0x0000000619400000|  0%| F|  |TAMS 0x0000000619000000, 0x0000000619000000| Untracked 
|  45|0x0000000619400000, 0x0000000619400000, 0x0000000619800000|  0%| F|  |TAMS 0x0000000619400000, 0x0000000619400000| Untracked 
|  46|0x0000000619800000, 0x0000000619800000, 0x0000000619c00000|  0%| F|  |TAMS 0x0000000619800000, 0x0000000619800000| Untracked 
|  47|0x0000000619c00000, 0x0000000619c00000, 0x000000061a000000|  0%| F|  |TAMS 0x0000000619c00000, 0x0000000619c00000| Untracked 
|  48|0x000000061a000000, 0x000000061a000000, 0x000000061a400000|  0%| F|  |TAMS 0x000000061a000000, 0x000000061a000000| Untracked 
|  49|0x000000061a400000, 0x000000061a400000, 0x000000061a800000|  0%| F|  |TAMS 0x000000061a400000, 0x000000061a400000| Untracked 
|  50|0x000000061a800000, 0x000000061a800000, 0x000000061ac00000|  0%| F|  |TAMS 0x000000061a800000, 0x000000061a800000| Untracked 
|  51|0x000000061ac00000, 0x000000061ac00000, 0x000000061b000000|  0%| F|  |TAMS 0x000000061ac00000, 0x000000061ac00000| Untracked 
|  52|0x000000061b000000, 0x000000061b000000, 0x000000061b400000|  0%| F|  |TAMS 0x000000061b000000, 0x000000061b000000| Untracked 
|  53|0x000000061b400000, 0x000000061b400000, 0x000000061b800000|  0%| F|  |TAMS 0x000000061b400000, 0x000000061b400000| Untracked 
|  54|0x000000061b800000, 0x000000061b800000, 0x000000061bc00000|  0%| F|  |TAMS 0x000000061b800000, 0x000000061b800000| Untracked 
|  55|0x000000061bc00000, 0x000000061bc00000, 0x000000061c000000|  0%| F|  |TAMS 0x000000061bc00000, 0x000000061bc00000| Untracked 
|  56|0x000000061c000000, 0x000000061c000000, 0x000000061c400000|  0%| F|  |TAMS 0x000000061c000000, 0x000000061c000000| Untracked 
|  57|0x000000061c400000, 0x000000061c400000, 0x000000061c800000|  0%| F|  |TAMS 0x000000061c400000, 0x000000061c400000| Untracked 
|  58|0x000000061c800000, 0x000000061c800000, 0x000000061cc00000|  0%| F|  |TAMS 0x000000061c800000, 0x000000061c800000| Untracked 
|  59|0x000000061cc00000, 0x000000061cc00000, 0x000000061d000000|  0%| F|  |TAMS 0x000000061cc00000, 0x000000061cc00000| Untracked 
|  60|0x000000061d000000, 0x000000061d000000, 0x000000061d400000|  0%| F|  |TAMS 0x000000061d000000, 0x000000061d000000| Untracked 
|  61|0x000000061d400000, 0x000000061d400000, 0x000000061d800000|  0%| F|  |TAMS 0x000000061d400000, 0x000000061d400000| Untracked 
|  62|0x000000061d800000, 0x000000061d800000, 0x000000061dc00000|  0%| F|  |TAMS 0x000000061d800000, 0x000000061d800000| Untracked 
|  63|0x000000061dc00000, 0x000000061dc00000, 0x000000061e000000|  0%| F|  |TAMS 0x000000061dc00000, 0x000000061dc00000| Untracked 
|  64|0x000000061e000000, 0x000000061e000000, 0x000000061e400000|  0%| F|  |TAMS 0x000000061e000000, 0x000000061e000000| Untracked 
|  65|0x000000061e400000, 0x000000061e400000, 0x000000061e800000|  0%| F|  |TAMS 0x000000061e400000, 0x000000061e400000| Untracked 
|  66|0x000000061e800000, 0x000000061e800000, 0x000000061ec00000|  0%| F|  |TAMS 0x000000061e800000, 0x000000061e800000| Untracked 
|  67|0x000000061ec00000, 0x000000061ec00000, 0x000000061f000000|  0%| F|  |TAMS 0x000000061ec00000, 0x000000061ec00000| Untracked 
|  68|0x000000061f000000, 0x000000061f000000, 0x000000061f400000|  0%| F|  |TAMS 0x000000061f000000, 0x000000061f000000| Untracked 
|  69|0x000000061f400000, 0x000000061f400000, 0x000000061f800000|  0%| F|  |TAMS 0x000000061f400000, 0x000000061f400000| Untracked 
|  70|0x000000061f800000, 0x000000061f800000, 0x000000061fc00000|  0%| F|  |TAMS 0x000000061f800000, 0x000000061f800000| Untracked 
|  71|0x000000061fc00000, 0x000000061fc00000, 0x0000000620000000|  0%| F|  |TAMS 0x000000061fc00000, 0x000000061fc00000| Untracked 
|  72|0x0000000620000000, 0x0000000620000000, 0x0000000620400000|  0%| F|  |TAMS 0x0000000620000000, 0x0000000620000000| Untracked 
|  73|0x0000000620400000, 0x0000000620400000, 0x0000000620800000|  0%| F|  |TAMS 0x0000000620400000, 0x0000000620400000| Untracked 
|  74|0x0000000620800000, 0x0000000620800000, 0x0000000620c00000|  0%| F|  |TAMS 0x0000000620800000, 0x0000000620800000| Untracked 
|  75|0x0000000620c00000, 0x0000000620c00000, 0x0000000621000000|  0%| F|  |TAMS 0x0000000620c00000, 0x0000000620c00000| Untracked 
|  76|0x0000000621000000, 0x0000000621000000, 0x0000000621400000|  0%| F|  |TAMS 0x0000000621000000, 0x0000000621000000| Untracked 
|  77|0x0000000621400000, 0x0000000621400000, 0x0000000621800000|  0%| F|  |TAMS 0x0000000621400000, 0x0000000621400000| Untracked 
|  78|0x0000000621800000, 0x0000000621800000, 0x0000000621c00000|  0%| F|  |TAMS 0x0000000621800000, 0x0000000621800000| Untracked 
|  79|0x0000000621c00000, 0x0000000621c00000, 0x0000000622000000|  0%| F|  |TAMS 0x0000000621c00000, 0x0000000621c00000| Untracked 
|  80|0x0000000622000000, 0x0000000622000000, 0x0000000622400000|  0%| F|  |TAMS 0x0000000622000000, 0x0000000622000000| Untracked 
|  81|0x0000000622400000, 0x0000000622400000, 0x0000000622800000|  0%| F|  |TAMS 0x0000000622400000, 0x0000000622400000| Untracked 
|  82|0x0000000622800000, 0x0000000622800000, 0x0000000622c00000|  0%| F|  |TAMS 0x0000000622800000, 0x0000000622800000| Untracked 
|  83|0x0000000622c00000, 0x0000000622c00000, 0x0000000623000000|  0%| F|  |TAMS 0x0000000622c00000, 0x0000000622c00000| Untracked 
|  84|0x0000000623000000, 0x0000000623000000, 0x0000000623400000|  0%| F|  |TAMS 0x0000000623000000, 0x0000000623000000| Untracked 
|  85|0x0000000623400000, 0x0000000623400000, 0x0000000623800000|  0%| F|  |TAMS 0x0000000623400000, 0x0000000623400000| Untracked 
|  86|0x0000000623800000, 0x0000000623800000, 0x0000000623c00000|  0%| F|  |TAMS 0x0000000623800000, 0x0000000623800000| Untracked 
|  87|0x0000000623c00000, 0x0000000623c00000, 0x0000000624000000|  0%| F|  |TAMS 0x0000000623c00000, 0x0000000623c00000| Untracked 
|  88|0x0000000624000000, 0x0000000624000000, 0x0000000624400000|  0%| F|  |TAMS 0x0000000624000000, 0x0000000624000000| Untracked 
|  89|0x0000000624400000, 0x0000000624400000, 0x0000000624800000|  0%| F|  |TAMS 0x0000000624400000, 0x0000000624400000| Untracked 
|  90|0x0000000624800000, 0x0000000624800000, 0x0000000624c00000|  0%| F|  |TAMS 0x0000000624800000, 0x0000000624800000| Untracked 
|  91|0x0000000624c00000, 0x0000000624c00000, 0x0000000625000000|  0%| F|  |TAMS 0x0000000624c00000, 0x0000000624c00000| Untracked 
|  92|0x0000000625000000, 0x0000000625000000, 0x0000000625400000|  0%| F|  |TAMS 0x0000000625000000, 0x0000000625000000| Untracked 
|  93|0x0000000625400000, 0x0000000625400000, 0x0000000625800000|  0%| F|  |TAMS 0x0000000625400000, 0x0000000625400000| Untracked 
|  94|0x0000000625800000, 0x0000000625800000, 0x0000000625c00000|  0%| F|  |TAMS 0x0000000625800000, 0x0000000625800000| Untracked 
|  95|0x0000000625c00000, 0x0000000625c00000, 0x0000000626000000|  0%| F|  |TAMS 0x0000000625c00000, 0x0000000625c00000| Untracked 
|  96|0x0000000626000000, 0x0000000626000000, 0x0000000626400000|  0%| F|  |TAMS 0x0000000626000000, 0x0000000626000000| Untracked 
|  97|0x0000000626400000, 0x0000000626400000, 0x0000000626800000|  0%| F|  |TAMS 0x0000000626400000, 0x0000000626400000| Untracked 
|  98|0x0000000626800000, 0x0000000626800000, 0x0000000626c00000|  0%| F|  |TAMS 0x0000000626800000, 0x0000000626800000| Untracked 
|  99|0x0000000626c00000, 0x0000000626c00000, 0x0000000627000000|  0%| F|  |TAMS 0x0000000626c00000, 0x0000000626c00000| Untracked 
| 100|0x0000000627000000, 0x0000000627000000, 0x0000000627400000|  0%| F|  |TAMS 0x0000000627000000, 0x0000000627000000| Untracked 
| 101|0x0000000627400000, 0x0000000627400000, 0x0000000627800000|  0%| F|  |TAMS 0x0000000627400000, 0x0000000627400000| Untracked 
| 102|0x0000000627800000, 0x0000000627800000, 0x0000000627c00000|  0%| F|  |TAMS 0x0000000627800000, 0x0000000627800000| Untracked 
| 103|0x0000000627c00000, 0x0000000627c00000, 0x0000000628000000|  0%| F|  |TAMS 0x0000000627c00000, 0x0000000627c00000| Untracked 
| 104|0x0000000628000000, 0x0000000628000000, 0x0000000628400000|  0%| F|  |TAMS 0x0000000628000000, 0x0000000628000000| Untracked 
| 105|0x0000000628400000, 0x0000000628400000, 0x0000000628800000|  0%| F|  |TAMS 0x0000000628400000, 0x0000000628400000| Untracked 
| 106|0x0000000628800000, 0x0000000628800000, 0x0000000628c00000|  0%| F|  |TAMS 0x0000000628800000, 0x0000000628800000| Untracked 
| 107|0x0000000628c00000, 0x0000000628c00000, 0x0000000629000000|  0%| F|  |TAMS 0x0000000628c00000, 0x0000000628c00000| Untracked 
| 108|0x0000000629000000, 0x0000000629000000, 0x0000000629400000|  0%| F|  |TAMS 0x0000000629000000, 0x0000000629000000| Untracked 
| 109|0x0000000629400000, 0x0000000629400000, 0x0000000629800000|  0%| F|  |TAMS 0x0000000629400000, 0x0000000629400000| Untracked 
| 110|0x0000000629800000, 0x0000000629800000, 0x0000000629c00000|  0%| F|  |TAMS 0x0000000629800000, 0x0000000629800000| Untracked 
| 111|0x0000000629c00000, 0x0000000629c00000, 0x000000062a000000|  0%| F|  |TAMS 0x0000000629c00000, 0x0000000629c00000| Untracked 
| 112|0x000000062a000000, 0x000000062a000000, 0x000000062a400000|  0%| F|  |TAMS 0x000000062a000000, 0x000000062a000000| Untracked 
| 113|0x000000062a400000, 0x000000062a400000, 0x000000062a800000|  0%| F|  |TAMS 0x000000062a400000, 0x000000062a400000| Untracked 
| 114|0x000000062a800000, 0x000000062a800000, 0x000000062ac00000|  0%| F|  |TAMS 0x000000062a800000, 0x000000062a800000| Untracked 
| 115|0x000000062ac00000, 0x000000062ac00000, 0x000000062b000000|  0%| F|  |TAMS 0x000000062ac00000, 0x000000062ac00000| Untracked 
| 116|0x000000062b000000, 0x000000062b000000, 0x000000062b400000|  0%| F|  |TAMS 0x000000062b000000, 0x000000062b000000| Untracked 
| 117|0x000000062b400000, 0x000000062b400000, 0x000000062b800000|  0%| F|  |TAMS 0x000000062b400000, 0x000000062b400000| Untracked 
| 118|0x000000062b800000, 0x000000062b800000, 0x000000062bc00000|  0%| F|  |TAMS 0x000000062b800000, 0x000000062b800000| Untracked 
| 119|0x000000062bc00000, 0x000000062bc00000, 0x000000062c000000|  0%| F|  |TAMS 0x000000062bc00000, 0x000000062bc00000| Untracked 
| 120|0x000000062c000000, 0x000000062c000000, 0x000000062c400000|  0%| F|  |TAMS 0x000000062c000000, 0x000000062c000000| Untracked 
| 121|0x000000062c400000, 0x000000062c400000, 0x000000062c800000|  0%| F|  |TAMS 0x000000062c400000, 0x000000062c400000| Untracked 
| 122|0x000000062c800000, 0x000000062c800000, 0x000000062cc00000|  0%| F|  |TAMS 0x000000062c800000, 0x000000062c800000| Untracked 
| 123|0x000000062cc00000, 0x000000062cd94df8, 0x000000062d000000| 39%| S|CS|TAMS 0x000000062cc00000, 0x000000062cc00000| Complete 
| 124|0x000000062d000000, 0x000000062d000000, 0x000000062d400000|  0%| F|  |TAMS 0x000000062d000000, 0x000000062d000000| Untracked 
| 125|0x000000062d400000, 0x000000062d400000, 0x000000062d800000|  0%| F|  |TAMS 0x000000062d400000, 0x000000062d400000| Untracked 
| 126|0x000000062d800000, 0x000000062d800000, 0x000000062dc00000|  0%| F|  |TAMS 0x000000062d800000, 0x000000062d800000| Untracked 
| 127|0x000000062dc00000, 0x000000062dc00000, 0x000000062e000000|  0%| F|  |TAMS 0x000000062dc00000, 0x000000062dc00000| Untracked 
| 128|0x000000062e000000, 0x000000062e000000, 0x000000062e400000|  0%| F|  |TAMS 0x000000062e000000, 0x000000062e000000| Untracked 
| 129|0x000000062e400000, 0x000000062e400000, 0x000000062e800000|  0%| F|  |TAMS 0x000000062e400000, 0x000000062e400000| Untracked 
| 130|0x000000062e800000, 0x000000062e800000, 0x000000062ec00000|  0%| F|  |TAMS 0x000000062e800000, 0x000000062e800000| Untracked 
| 131|0x000000062ec00000, 0x000000062ec00000, 0x000000062f000000|  0%| F|  |TAMS 0x000000062ec00000, 0x000000062ec00000| Untracked 
| 132|0x000000062f000000, 0x000000062f000000, 0x000000062f400000|  0%| F|  |TAMS 0x000000062f000000, 0x000000062f000000| Untracked 
| 133|0x000000062f400000, 0x000000062f400000, 0x000000062f800000|  0%| F|  |TAMS 0x000000062f400000, 0x000000062f400000| Untracked 
| 134|0x000000062f800000, 0x000000062f800000, 0x000000062fc00000|  0%| F|  |TAMS 0x000000062f800000, 0x000000062f800000| Untracked 
| 135|0x000000062fc00000, 0x000000062fc00000, 0x0000000630000000|  0%| F|  |TAMS 0x000000062fc00000, 0x000000062fc00000| Untracked 
| 136|0x0000000630000000, 0x0000000630000000, 0x0000000630400000|  0%| F|  |TAMS 0x0000000630000000, 0x0000000630000000| Untracked 
| 137|0x0000000630400000, 0x0000000630400000, 0x0000000630800000|  0%| F|  |TAMS 0x0000000630400000, 0x0000000630400000| Untracked 
| 138|0x0000000630800000, 0x0000000630800000, 0x0000000630c00000|  0%| F|  |TAMS 0x0000000630800000, 0x0000000630800000| Untracked 
| 139|0x0000000630c00000, 0x0000000630c00000, 0x0000000631000000|  0%| F|  |TAMS 0x0000000630c00000, 0x0000000630c00000| Untracked 
| 140|0x0000000631000000, 0x0000000631000000, 0x0000000631400000|  0%| F|  |TAMS 0x0000000631000000, 0x0000000631000000| Untracked 
| 141|0x0000000631400000, 0x0000000631400000, 0x0000000631800000|  0%| F|  |TAMS 0x0000000631400000, 0x0000000631400000| Untracked 
| 142|0x0000000631800000, 0x0000000631800000, 0x0000000631c00000|  0%| F|  |TAMS 0x0000000631800000, 0x0000000631800000| Untracked 
| 143|0x0000000631c00000, 0x0000000631c00000, 0x0000000632000000|  0%| F|  |TAMS 0x0000000631c00000, 0x0000000631c00000| Untracked 
| 144|0x0000000632000000, 0x0000000632000000, 0x0000000632400000|  0%| F|  |TAMS 0x0000000632000000, 0x0000000632000000| Untracked 
| 145|0x0000000632400000, 0x0000000632400000, 0x0000000632800000|  0%| F|  |TAMS 0x0000000632400000, 0x0000000632400000| Untracked 
| 146|0x0000000632800000, 0x0000000632800000, 0x0000000632c00000|  0%| F|  |TAMS 0x0000000632800000, 0x0000000632800000| Untracked 
| 147|0x0000000632c00000, 0x0000000632c00000, 0x0000000633000000|  0%| F|  |TAMS 0x0000000632c00000, 0x0000000632c00000| Untracked 
| 148|0x0000000633000000, 0x0000000633000000, 0x0000000633400000|  0%| F|  |TAMS 0x0000000633000000, 0x0000000633000000| Untracked 
| 149|0x0000000633400000, 0x0000000633400000, 0x0000000633800000|  0%| F|  |TAMS 0x0000000633400000, 0x0000000633400000| Untracked 
| 150|0x0000000633800000, 0x0000000633800000, 0x0000000633c00000|  0%| F|  |TAMS 0x0000000633800000, 0x0000000633800000| Untracked 
| 151|0x0000000633c00000, 0x0000000633c00000, 0x0000000634000000|  0%| F|  |TAMS 0x0000000633c00000, 0x0000000633c00000| Untracked 
| 152|0x0000000634000000, 0x0000000634000000, 0x0000000634400000|  0%| F|  |TAMS 0x0000000634000000, 0x0000000634000000| Untracked 
| 153|0x0000000634400000, 0x0000000634400000, 0x0000000634800000|  0%| F|  |TAMS 0x0000000634400000, 0x0000000634400000| Untracked 
| 154|0x0000000634800000, 0x0000000634800000, 0x0000000634c00000|  0%| F|  |TAMS 0x0000000634800000, 0x0000000634800000| Untracked 
| 155|0x0000000634c00000, 0x0000000634c00000, 0x0000000635000000|  0%| F|  |TAMS 0x0000000634c00000, 0x0000000634c00000| Untracked 
| 156|0x0000000635000000, 0x0000000635000000, 0x0000000635400000|  0%| F|  |TAMS 0x0000000635000000, 0x0000000635000000| Untracked 
| 157|0x0000000635400000, 0x0000000635400000, 0x0000000635800000|  0%| F|  |TAMS 0x0000000635400000, 0x0000000635400000| Untracked 
| 158|0x0000000635800000, 0x0000000635800000, 0x0000000635c00000|  0%| F|  |TAMS 0x0000000635800000, 0x0000000635800000| Untracked 
| 159|0x0000000635c00000, 0x0000000635c00000, 0x0000000636000000|  0%| F|  |TAMS 0x0000000635c00000, 0x0000000635c00000| Untracked 
| 160|0x0000000636000000, 0x0000000636000000, 0x0000000636400000|  0%| F|  |TAMS 0x0000000636000000, 0x0000000636000000| Untracked 
| 161|0x0000000636400000, 0x0000000636400000, 0x0000000636800000|  0%| F|  |TAMS 0x0000000636400000, 0x0000000636400000| Untracked 
| 162|0x0000000636800000, 0x0000000636800000, 0x0000000636c00000|  0%| F|  |TAMS 0x0000000636800000, 0x0000000636800000| Untracked 

Card table byte_map: [0x0000026df03c0000,0x0000026df1350000] _byte_map_base: 0x0000026ded350000

Marking Bits (Prev, Next): (CMBitMap*) 0x0000026ddc8c7080, (CMBitMap*) 0x0000026ddc8c70c0
 Prev Bits: [0x0000026df22e0000, 0x0000026df9f60000)
 Next Bits: [0x0000026d80000000, 0x0000026d87c80000)

Polling page: 0x0000026dda780000

Metaspace:

Usage:
  Non-class:      6.60 MB used.
      Class:    603.02 KB used.
       Both:      7.18 MB used.

Virtual space:
  Non-class space:       64.00 MB reserved,       6.62 MB ( 10%) committed,  1 nodes.
      Class space:        1.00 GB reserved,     704.00 KB ( <1%) committed,  1 nodes.
             Both:        1.06 GB reserved,       7.31 MB ( <1%) committed. 

Chunk freelists:
   Non-Class:  961.00 KB
       Class:  3.23 MB
        Both:  4.17 MB

MaxMetaspaceSize: unlimited
CompressedClassSpaceSize: 1.00 GB
Initial GC threshold: 21.00 MB
Current GC threshold: 21.00 MB
CDS: off
MetaspaceReclaimPolicy: balanced
 - commit_granule_bytes: 65536.
 - commit_granule_words: 8192.
 - virtual_space_node_default_size: 8388608.
 - enlarge_chunks_in_place: 1.
 - new_chunks_are_fully_committed: 0.
 - uncommit_free_chunks: 1.
 - use_allocation_guard: 0.


Internal statistics:

num_allocs_failed_limit: 0.
num_arena_births: 46.
num_arena_deaths: 0.
num_vsnodes_births: 2.
num_vsnodes_deaths: 0.
num_space_committed: 117.
num_space_uncommitted: 0.
num_chunks_returned_to_freelist: 0.
num_chunks_taken_from_freelist: 69.
num_chunk_merges: 0.
num_chunk_splits: 37.
num_chunks_enlarged: 21.
num_inconsistent_stats: 0.

CodeHeap 'non-profiled nmethods': size=120000Kb used=82Kb max_used=82Kb free=119917Kb
 bounds [0x0000026de79b0000, 0x0000026de7c20000, 0x0000026deeee0000]
CodeHeap 'profiled nmethods': size=120000Kb used=311Kb max_used=311Kb free=119688Kb
 bounds [0x0000026de0480000, 0x0000026de06f0000, 0x0000026de79b0000]
CodeHeap 'non-nmethods': size=5760Kb used=1141Kb max_used=1143Kb free=4618Kb
 bounds [0x0000026ddfee0000, 0x0000026de0150000, 0x0000026de0480000]
 total_blobs=655 nmethods=254 adapters=314
 compilation: enabled
              stopped_count=0, restarted_count=0
 full_count=0

Compilation events (20 events):
Event: 0.113 Thread 0x0000026d8c08b0b0  235   !   3       java.lang.invoke.MemberName::getMethodType (211 bytes)
Event: 0.113 Thread 0x0000026d8c08b0b0 nmethod 235 0x0000026de04c7e90 code [0x0000026de04c8160, 0x0000026de04c9698]
Event: 0.113 Thread 0x0000026d8c08b0b0  247       3       java.util.ImmutableCollections$ListN::size (6 bytes)
Event: 0.113 Thread 0x0000026d8c08b0b0 nmethod 247 0x0000026de04c9c10 code [0x0000026de04c9da0, 0x0000026de04c9eb8]
Event: 0.113 Thread 0x0000026d8c08b0b0  250       3       jdk.internal.org.objectweb.asm.MethodWriter::visitVarInsn (302 bytes)
Event: 0.113 Thread 0x0000026d8c08b0b0 nmethod 250 0x0000026de04c9f90 code [0x0000026de04ca1e0, 0x0000026de04cab88]
Event: 0.113 Thread 0x0000026d8c08b0b0  246       3       java.lang.invoke.MemberName::getReferenceKind (12 bytes)
Event: 0.113 Thread 0x0000026d8c08b0b0 nmethod 246 0x0000026de04cae10 code [0x0000026de04cafa0, 0x0000026de04cb0b8]
Event: 0.113 Thread 0x0000026d8c08b0b0  249       3       jdk.internal.org.objectweb.asm.ByteVector::put12 (64 bytes)
Event: 0.113 Thread 0x0000026d8c08b0b0 nmethod 249 0x0000026de04cb190 code [0x0000026de04cb340, 0x0000026de04cb588]
Event: 0.113 Thread 0x0000026d8c08b0b0  237       1       sun.invoke.util.Wrapper::basicTypeChar (5 bytes)
Event: 0.114 Thread 0x0000026d8c08b0b0 nmethod 237 0x0000026de79c4690 code [0x0000026de79c4820, 0x0000026de79c48f8]
Event: 0.115 Thread 0x0000026d8c08b0b0  251       3       java.util.concurrent.ConcurrentHashMap::setTabAt (20 bytes)
Event: 0.115 Thread 0x0000026d8c08b0b0 nmethod 251 0x0000026de04cb710 code [0x0000026de04cb8c0, 0x0000026de04cbae8]
Event: 0.115 Thread 0x0000026d8c08b0b0  252       3       java.lang.ref.Reference::<init> (25 bytes)
Event: 0.115 Thread 0x0000026d8c08b0b0 nmethod 252 0x0000026de04cbb90 code [0x0000026de04cbd40, 0x0000026de04cbfd8]
Event: 0.118 Thread 0x0000026d8c08b0b0  253       3       java.lang.StringLatin1::replace (198 bytes)
Event: 0.119 Thread 0x0000026d8c08b0b0 nmethod 253 0x0000026de04cc090 code [0x0000026de04cc320, 0x0000026de04cd0a8]
Event: 0.119 Thread 0x0000026d8c08b0b0  254       3       java.lang.StringLatin1::lastIndexOf (40 bytes)
Event: 0.119 Thread 0x0000026d8c08b0b0 nmethod 254 0x0000026de04cd590 code [0x0000026de04cd760, 0x0000026de04cdb58]

GC Heap History (2 events):
Event: 0.119 GC heap before
{Heap before GC invocations=0 (full 0):
 garbage-first heap   total 512000K, used 0K [0x000000060e000000, 0x0000000800000000)
  region size 4096K, 1 young (4096K), 0 survivors (0K)
 Metaspace       used 7356K, committed 7488K, reserved 1114112K
  class space    used 603K, committed 704K, reserved 1048576K
}
Event: 0.121 GC heap after
{Heap after GC invocations=1 (full 0):
 garbage-first heap   total 512000K, used 1619K [0x000000060e000000, 0x0000000800000000)
  region size 4096K, 1 young (4096K), 1 survivors (4096K)
 Metaspace       used 7356K, committed 7488K, reserved 1114112K
  class space    used 603K, committed 704K, reserved 1048576K
}

Deoptimization events (10 events):
Event: 0.091 Thread 0x0000026ddc8182f0 DEOPT PACKING pc=0x0000026de049fa8c sp=0x0000009f39dfcb60
Event: 0.091 Thread 0x0000026ddc8182f0 DEOPT UNPACKING pc=0x0000026ddff36763 sp=0x0000009f39dfbff0 mode 0
Event: 0.091 Thread 0x0000026ddc8182f0 DEOPT PACKING pc=0x0000026de049fa8c sp=0x0000009f39dfcb60
Event: 0.091 Thread 0x0000026ddc8182f0 DEOPT UNPACKING pc=0x0000026ddff36763 sp=0x0000009f39dfbff0 mode 0
Event: 0.091 Thread 0x0000026ddc8182f0 DEOPT PACKING pc=0x0000026de049fa8c sp=0x0000009f39dfcb60
Event: 0.091 Thread 0x0000026ddc8182f0 DEOPT UNPACKING pc=0x0000026ddff36763 sp=0x0000009f39dfbff0 mode 0
Event: 0.092 Thread 0x0000026ddc8182f0 DEOPT PACKING pc=0x0000026de049fa8c sp=0x0000009f39dfcb60
Event: 0.092 Thread 0x0000026ddc8182f0 DEOPT UNPACKING pc=0x0000026ddff36763 sp=0x0000009f39dfbff0 mode 0
Event: 0.092 Thread 0x0000026ddc8182f0 DEOPT PACKING pc=0x0000026de049fa8c sp=0x0000009f39dfcb60
Event: 0.092 Thread 0x0000026ddc8182f0 DEOPT UNPACKING pc=0x0000026ddff36763 sp=0x0000009f39dfbff0 mode 0

Classes loaded (20 events):
Event: 0.117 Loading class java/awt/Container$1
Event: 0.117 Loading class sun/awt/AWTAccessor$ContainerAccessor
Event: 0.117 Loading class sun/awt/AWTAccessor$ContainerAccessor done
Event: 0.117 Loading class java/awt/Container$1 done
Event: 0.117 Loading class javax/swing/JComponent$1
Event: 0.117 Loading class sun/swing/SwingAccessor$JComponentAccessor
Event: 0.117 Loading class sun/swing/SwingAccessor$JComponentAccessor done
Event: 0.117 Loading class javax/swing/JComponent$1 done
Event: 0.117 Loading class sun/swing/SwingAccessor
Event: 0.117 Loading class sun/swing/SwingAccessor done
Event: 0.117 Loading class javax/swing/JComponent$2
Event: 0.117 Loading class javax/swing/JComponent$2 done
Event: 0.118 Loading class java/lang/IllegalStateException
Event: 0.118 Loading class java/lang/IllegalStateException done
Event: 0.119 Loading class java/util/Random
Event: 0.119 Loading class java/util/random/RandomGenerator
Event: 0.119 Loading class java/util/random/RandomGenerator done
Event: 0.119 Loading class java/util/Random done
Event: 0.119 Loading class java/lang/IndexOutOfBoundsException
Event: 0.119 Loading class java/lang/IndexOutOfBoundsException done

Classes unloaded (0 events):
No events

Classes redefined (0 events):
No events

Internal exceptions (3 events):
Event: 0.097 Thread 0x0000026ddc8182f0 Exception <a 'java/lang/ClassNotFoundException'{0x000000062d26cfc8}: sun/awt/resources/spi/awtProvider> (0x000000062d26cfc8) 
thrown [s\src\hotspot\share\classfile\systemDictionary.cpp, line 255]
Event: 0.110 Thread 0x0000026ddc8182f0 Exception <a 'java/io/FileNotFoundException'{0x000000062d2c4130}> (0x000000062d2c4130) 
thrown [s\src\hotspot\share\prims\jni.cpp, line 516]
Event: 0.113 Thread 0x0000026ddc8182f0 Exception <a 'java/io/FileNotFoundException'{0x000000062d2f1198}> (0x000000062d2f1198) 
thrown [s\src\hotspot\share\prims\jni.cpp, line 516]

VM Operations (2 events):
Event: 0.119 Executing VM operation: G1TryInitiateConcMark
Event: 0.121 Executing VM operation: G1TryInitiateConcMark done

Events (18 events):
Event: 0.005 Loaded shared library C:\Users\GiaKhanhVN\.p2\pool\plugins\org.eclipse.justj.openjdk.hotspot.jre.full.win32.x86_64_18.0.2.v20221005-1040\jre\bin\java.dll
Event: 0.020 Thread 0x0000026ddc8182f0 Thread added: 0x0000026ddc8182f0
Event: 0.023 Thread 0x0000026d8c02c010 Thread added: 0x0000026d8c02c010
Event: 0.023 Thread 0x0000026d8c02e070 Thread added: 0x0000026d8c02e070
Event: 0.034 Thread 0x0000026dfa15e020 Thread added: 0x0000026dfa15e020
Event: 0.034 Thread 0x0000026dfa15e8d0 Thread added: 0x0000026dfa15e8d0
Event: 0.034 Thread 0x0000026d8c063bb0 Thread added: 0x0000026d8c063bb0
Event: 0.034 Thread 0x0000026d8c084680 Thread added: 0x0000026d8c084680
Event: 0.034 Thread 0x0000026d8c086290 Thread added: 0x0000026d8c086290
Event: 0.034 Thread 0x0000026d8c08b0b0 Thread added: 0x0000026d8c08b0b0
Event: 0.034 Thread 0x0000026d8c094260 Thread added: 0x0000026d8c094260
Event: 0.054 Thread 0x0000026d8c1132f0 Thread added: 0x0000026d8c1132f0
Event: 0.057 Thread 0x0000026d8c218010 Thread added: 0x0000026d8c218010
Event: 0.076 Loaded shared library C:\Users\GiaKhanhVN\.p2\pool\plugins\org.eclipse.justj.openjdk.hotspot.jre.full.win32.x86_64_18.0.2.v20221005-1040\jre\bin\jimage.dll
Event: 0.083 Loaded shared library C:\Users\GiaKhanhVN\.p2\pool\plugins\org.eclipse.justj.openjdk.hotspot.jre.full.win32.x86_64_18.0.2.v20221005-1040\jre\bin\net.dll
Event: 0.084 Loaded shared library C:\Users\GiaKhanhVN\.p2\pool\plugins\org.eclipse.justj.openjdk.hotspot.jre.full.win32.x86_64_18.0.2.v20221005-1040\jre\bin\nio.dll
Event: 0.087 Loaded shared library C:\Users\GiaKhanhVN\.p2\pool\plugins\org.eclipse.justj.openjdk.hotspot.jre.full.win32.x86_64_18.0.2.v20221005-1040\jre\bin\zip.dll
Event: 0.103 Loaded shared library C:\Users\GiaKhanhVN\.p2\pool\plugins\org.eclipse.justj.openjdk.hotspot.jre.full.win32.x86_64_18.0.2.v20221005-1040\jre\bin\awt.dll


Dynamic libraries:
0x00007ff6c1720000 - 0x00007ff6c172e000 	C:\Users\GiaKhanhVN\.p2\pool\plugins\org.eclipse.justj.openjdk.hotspot.jre.full.win32.x86_64_18.0.2.v20221005-1040\jre\bin\javaw.exe
0x00007ff8eb950000 - 0x00007ff8ebb67000 	C:\windows\SYSTEM32\ntdll.dll
0x00007ff8e9be0000 - 0x00007ff8e9ca4000 	C:\windows\System32\KERNEL32.DLL
0x00007ff8e8e20000 - 0x00007ff8e91d7000 	C:\windows\System32\KERNELBASE.dll
0x00007ff8e91e0000 - 0x00007ff8e92f1000 	C:\windows\System32\ucrtbase.dll
0x00007ff8ac6b0000 - 0x00007ff8ac6c7000 	C:\Users\GiaKhanhVN\.p2\pool\plugins\org.eclipse.justj.openjdk.hotspot.jre.full.win32.x86_64_18.0.2.v20221005-1040\jre\bin\jli.dll
0x00007ff8dad60000 - 0x00007ff8dad79000 	C:\Users\GiaKhanhVN\.p2\pool\plugins\org.eclipse.justj.openjdk.hotspot.jre.full.win32.x86_64_18.0.2.v20221005-1040\jre\bin\VCRUNTIME140.dll
0x00007ff8e98d0000 - 0x00007ff8e9a7f000 	C:\windows\System32\USER32.dll
0x00007ff8e9650000 - 0x00007ff8e9676000 	C:\windows\System32\win32u.dll
0x00007ff8e9f50000 - 0x00007ff8e9f79000 	C:\windows\System32\GDI32.dll
0x00007ff8d0090000 - 0x00007ff8d0323000 	C:\windows\WinSxS\amd64_microsoft.windows.common-controls_6595b64144ccf1df_6.0.22621.3672_none_2713b9d173822955\COMCTL32.dll
0x00007ff8e8c60000 - 0x00007ff8e8d78000 	C:\windows\System32\gdi32full.dll
0x00007ff8e8d80000 - 0x00007ff8e8e1a000 	C:\windows\System32\msvcp_win.dll
0x00007ff8ea3d0000 - 0x00007ff8ea477000 	C:\windows\System32\msvcrt.dll
0x00007ff8ea390000 - 0x00007ff8ea3c1000 	C:\windows\System32\IMM32.DLL
0x00007ff8e4c30000 - 0x00007ff8e4c3c000 	C:\Users\GiaKhanhVN\.p2\pool\plugins\org.eclipse.justj.openjdk.hotspot.jre.full.win32.x86_64_18.0.2.v20221005-1040\jre\bin\vcruntime140_1.dll
0x00007ff8d34b0000 - 0x00007ff8d3541000 	C:\Users\GiaKhanhVN\.p2\pool\plugins\org.eclipse.justj.openjdk.hotspot.jre.full.win32.x86_64_18.0.2.v20221005-1040\jre\bin\msvcp140.dll
0x00007ff86c9a0000 - 0x00007ff86d62a000 	C:\Users\GiaKhanhVN\.p2\pool\plugins\org.eclipse.justj.openjdk.hotspot.jre.full.win32.x86_64_18.0.2.v20221005-1040\jre\bin\server\jvm.dll
0x00007ff8e9f80000 - 0x00007ff8ea032000 	C:\windows\System32\ADVAPI32.dll
0x00007ff8e9cb0000 - 0x00007ff8e9d58000 	C:\windows\System32\sechost.dll
0x00007ff8e9440000 - 0x00007ff8e9468000 	C:\windows\System32\bcrypt.dll
0x00007ff8ea480000 - 0x00007ff8ea594000 	C:\windows\System32\RPCRT4.dll
0x00007ff8ea1f0000 - 0x00007ff8ea1f8000 	C:\windows\System32\PSAPI.DLL
0x00007ff8e4ac0000 - 0x00007ff8e4ac9000 	C:\windows\SYSTEM32\WSOCK32.dll
0x00007ff8dba00000 - 0x00007ff8dba34000 	C:\windows\SYSTEM32\WINMM.dll
0x00007ff8e11d0000 - 0x00007ff8e11da000 	C:\windows\SYSTEM32\VERSION.dll
0x00007ff8e9d60000 - 0x00007ff8e9dd1000 	C:\windows\System32\WS2_32.dll
0x00007ff8e7d00000 - 0x00007ff8e7d18000 	C:\windows\SYSTEM32\kernel.appcore.dll
0x00007ff8e0f90000 - 0x00007ff8e0f9a000 	C:\Users\GiaKhanhVN\.p2\pool\plugins\org.eclipse.justj.openjdk.hotspot.jre.full.win32.x86_64_18.0.2.v20221005-1040\jre\bin\jimage.dll
0x00007ff8dfd70000 - 0x00007ff8dffa2000 	C:\windows\SYSTEM32\DBGHELP.DLL
0x00007ff8eae90000 - 0x00007ff8eb21e000 	C:\windows\System32\combase.dll
0x00007ff8e9b00000 - 0x00007ff8e9bd7000 	C:\windows\System32\OLEAUT32.dll
0x00007ff8d6ad0000 - 0x00007ff8d6b02000 	C:\windows\SYSTEM32\dbgcore.DLL
0x00007ff8e93c0000 - 0x00007ff8e943b000 	C:\windows\System32\bcryptPrimitives.dll
0x00007ff8c13c0000 - 0x00007ff8c13e5000 	C:\Users\GiaKhanhVN\.p2\pool\plugins\org.eclipse.justj.openjdk.hotspot.jre.full.win32.x86_64_18.0.2.v20221005-1040\jre\bin\java.dll
0x00007ff8aa240000 - 0x00007ff8aa258000 	C:\Users\GiaKhanhVN\.p2\pool\plugins\org.eclipse.justj.openjdk.hotspot.jre.full.win32.x86_64_18.0.2.v20221005-1040\jre\bin\zip.dll
0x00007ff8ea620000 - 0x00007ff8eae89000 	C:\windows\System32\SHELL32.dll
0x00007ff8e6b90000 - 0x00007ff8e748f000 	C:\windows\SYSTEM32\windows.storage.dll
0x00007ff8e6a50000 - 0x00007ff8e6b8f000 	C:\windows\SYSTEM32\wintypes.dll
0x00007ff8e9de0000 - 0x00007ff8e9ed9000 	C:\windows\System32\SHCORE.dll
0x00007ff8e9a80000 - 0x00007ff8e9ade000 	C:\windows\System32\shlwapi.dll
0x00007ff8e8b90000 - 0x00007ff8e8bb7000 	C:\windows\SYSTEM32\profapi.dll
0x00007ff8a9dd0000 - 0x00007ff8a9de3000 	C:\Users\GiaKhanhVN\.p2\pool\plugins\org.eclipse.justj.openjdk.hotspot.jre.full.win32.x86_64_18.0.2.v20221005-1040\jre\bin\net.dll
0x00007ff8e4f90000 - 0x00007ff8e50c6000 	C:\windows\SYSTEM32\WINHTTP.dll
0x00007ff8e81c0000 - 0x00007ff8e8229000 	C:\windows\system32\mswsock.dll
0x00007ff8a8f30000 - 0x00007ff8a8f46000 	C:\Users\GiaKhanhVN\.p2\pool\plugins\org.eclipse.justj.openjdk.hotspot.jre.full.win32.x86_64_18.0.2.v20221005-1040\jre\bin\nio.dll
0x00007ff873ba0000 - 0x00007ff873d2e000 	C:\Users\GiaKhanhVN\.p2\pool\plugins\org.eclipse.justj.openjdk.hotspot.jre.full.win32.x86_64_18.0.2.v20221005-1040\jre\bin\awt.dll
0x00007ff8e4ef0000 - 0x00007ff8e4f87000 	C:\windows\SYSTEM32\apphelp.dll

dbghelp: loaded successfully - version: 4.0.5 - missing functions: none
symbol engine: initialized successfully - sym options: 0x614 - pdb path: .;C:\Users\GiaKhanhVN\.p2\pool\plugins\org.eclipse.justj.openjdk.hotspot.jre.full.win32.x86_64_18.0.2.v20221005-1040\jre\bin;C:\windows\SYSTEM32;C:\windows\WinSxS\amd64_microsoft.windows.common-controls_6595b64144ccf1df_6.0.22621.3672_none_2713b9d173822955;C:\Users\GiaKhanhVN\.p2\pool\plugins\org.eclipse.justj.openjdk.hotspot.jre.full.win32.x86_64_18.0.2.v20221005-1040\jre\bin\server

VM Arguments:
jvm_args: -Dfile.encoding=UTF-8 -XX:+ShowCodeDetailsInExceptionMessages 
java_command: dev.gkvn.cpu.demo.EmulatedDisplay
java_class_path (initial): C:\Users\GiaKhanhVN\eclipse-workspace\FL32RCPU\target\classes;C:\Users\GiaKhanhVN\.m2\repository\org\openjfx\javafx-controls\22.0.2\javafx-controls-22.0.2.jar;C:\Users\GiaKhanhVN\.m2\repository\org\openjfx\javafx-controls\22.0.2\javafx-controls-22.0.2-win.jar;C:\Users\GiaKhanhVN\.m2\repository\org\openjfx\javafx-graphics\22.0.2\javafx-graphics-22.0.2.jar;C:\Users\GiaKhanhVN\.m2\repository\org\openjfx\javafx-graphics\22.0.2\javafx-graphics-22.0.2-win.jar;C:\Users\GiaKhanhVN\.m2\repository\org\openjfx\javafx-base\22.0.2\javafx-base-22.0.2.jar;C:\Users\GiaKhanhVN\.m2\repository\org\openjfx\javafx-base\22.0.2\javafx-base-22.0.2-win.jar;C:\Users\GiaKhanhVN\.m2\repository\org\openjfx\javafx-fxml\22.0.2\javafx-fxml-22.0.2.jar;C:\Users\GiaKhanhVN\.m2\repository\org\openjfx\javafx-fxml\22.0.2\javafx-fxml-22.0.2-win.jar;C:\Users\GiaKhanhVN\.m2\repository\org\openjfx\javafx-media\22.0.2\javafx-media-22.0.2.jar;C:\Users\GiaKhanhVN\.m2\repository\org\openjfx\javafx-media\22.0.2\javafx-media-22.0.2-win.jar
Launcher Type: SUN_STANDARD

[Global flags]
     intx CICompilerCount                          = 4                                         {product} {ergonomic}
     uint ConcGCThreads                            = 3                                         {product} {ergonomic}
     uint G1ConcRefinementThreads                  = 10                                        {product} {ergonomic}
   size_t G1HeapRegionSize                         = 4194304                                   {product} {ergonomic}
    uintx GCDrainStackTargetSize                   = 64                                        {product} {ergonomic}
   size_t InitialHeapSize                          = 524288000                                 {product} {ergonomic}
   size_t MarkStackSize                            = 4194304                                   {product} {ergonomic}
   size_t MaxHeapSize                              = 8355053568                                {product} {ergonomic}
   size_t MaxNewSize                               = 5012193280                                {product} {ergonomic}
   size_t MinHeapDeltaBytes                        = 4194304                                   {product} {ergonomic}
   size_t MinHeapSize                              = 8388608                                   {product} {ergonomic}
    uintx NonNMethodCodeHeapSize                   = 5839372                                {pd product} {ergonomic}
    uintx NonProfiledCodeHeapSize                  = 122909434                              {pd product} {ergonomic}
    uintx ProfiledCodeHeapSize                     = 122909434                              {pd product} {ergonomic}
    uintx ReservedCodeCacheSize                    = 251658240                              {pd product} {ergonomic}
     bool SegmentedCodeCache                       = true                                      {product} {ergonomic}
     bool ShowCodeDetailsInExceptionMessages       = true                                   {manageable} {command line}
   size_t SoftMaxHeapSize                          = 8355053568                             {manageable} {ergonomic}
     bool UseCompressedClassPointers               = true                           {product lp64_product} {ergonomic}
     bool UseCompressedOops                        = true                           {product lp64_product} {ergonomic}
     bool UseG1GC                                  = true                                      {product} {ergonomic}
     bool UseLargePagesIndividualAllocation        = false                                  {pd product} {ergonomic}

Logging:
Log output configuration:
 #0: stdout all=warning uptime,level,tags foldmultilines=false
 #1: stderr all=off uptime,level,tags foldmultilines=false

Environment Variables:
JAVA_HOME=C:\Program Files\Java\jdk-22
PATH=C:/Users/GiaKhanhVN/.p2/pool/plugins/org.eclipse.justj.openjdk.hotspot.jre.full.win32.x86_64_18.0.2.v20221005-1040/jre/bin/server;C:/Users/GiaKhanhVN/.p2/pool/plugins/org.eclipse.justj.openjdk.hotspot.jre.full.win32.x86_64_18.0.2.v20221005-1040/jre/bin;C:\Program Files (x86)\VMware\VMware Workstation\bin\;c:\program files\common files\oracle\java\javapath;c:\program files (x86)\common files\oracle\java\javapath;c:\windows\system32;c:\windows;c:\windows\system32\wbem;c:\windows\system32\windowspowershell\v1.0\;c:\windows\system32\openssh\;C:\Program Files (x86)\NVIDIA Corporation\PhysX\Common;C:\Program Files\nodejs\;C:\ProgramData\chocolatey\bin;C:\Program Files\dotnet\;C:\Program Files\Cloudflare\Cloudflare WARP\;C:\Program Files (x86)\Universal Extractor;C:\Program Files (x86)\Universal Extractor\bin;C:\Program Files\WireGuard\;C:\Program Files\NVIDIA Corporation\NVIDIA app\NvDLISR;C:\Program Files\Git\cmd;C:\ProgramData\mingw64\mingw64\bin;C:\Users\GiaKhanhVN\AppData\Local\Programs\Python\Python314\Scripts\;C:\Users\GiaKhanhVN\AppData\Local\Programs\Python\Python314\;C:\Users\GiaKhanhVN\.cargo\bin;C:\Users\GiaKhanhVN\AppData\Local\Programs\Python\Python311\Scripts\;C:\Users\GiaKhanhVN\AppData\Local\Programs\Python\Python311\;C:\Users\GiaKhanhVN\AppData\Local\Microsoft\WindowsApps;C:\Users\GiaKhanhVN\AppData\Local\Programs\Microsoft VS Code\bin;D:\CLion 2022.3.1\bin;;C:\Users\GiaKhanhVN\AppData\Roaming\npm;C:\randombins;C:\Users\GiaKhanhVN\.dotnet\tools;C:\Users\GiaKhanhVN\AppData\Local\GitHubDesktop\bin;C:\Users\GiaKhanhVN\eclipse\java-2022-12\eclipse;
USERNAME=GiaKhanhVN
OS=Windows_NT
PROCESSOR_IDENTIFIER=AMD64 Family 25 Model 97 Stepping 2, AuthenticAMD



---------------  S Y S T E M  ---------------

OS:
 Windows 11 , 64 bit Build 22621 (10.0.22621.3958)
OS uptime: 75 days 2:24 hours
Hyper-V role detected

CPU: total 12 (initial active 12) (12 cores per cpu, 2 threads per core) family 25 model 97 stepping 2 microcode 0x0, cx8, cmov, fxsr, ht, mmx, 3dnowpref, sse, sse2, sse3, ssse3, sse4a, sse4.1, sse4.2, popcnt, lzcnt, tsc, tscinvbit, avx, avx2, aes, erms, clmul, bmi1, bmi2, adx, avx512f, avx512dq, avx512cd, avx512bw, avx512vl, sha, fma, vzeroupper, avx512_vpopcntdq, avx512_vpclmulqdq, avx512_vaes, avx512_vnni, clflush, clflushopt, avx512_vbmi2, avx512_vbmi, hv

Memory: 4k page, system-wide physical 31861M (2912M free)
TotalPageFile size 48245M (AvailPageFile size 7M)
current process WorkingSet (physical memory assigned to process): 44M, peak: 44M
current process commit charge ("private bytes"): 758M, peak: 762M

vm_info: OpenJDK 64-Bit Server VM (18.0.2.1+1) for windows-amd64 JRE (18.0.2.1+1), built on Aug 25 2022 17:20:57 by "" with MS VC++ 16.7 (VS2019)

END.
